2024-02-21 13:46:54 LogWrapper init() ./logs/EUR_CHF.log
2024-02-21 13:46:54 {'n_ma': 12, 'n_std': 2.5, 'maxspread': 0.0004, 'mingain': 0.0006, 'riskreward': 1.5}
2024-02-21 13:46:54 CandleManager() init last_candle:last_candle:24-02-21 21:45 is_ready:False
2024-02-21 13:47:05 CandleManager() new candle:last_candle:24-02-21 21:46 is_ready:True
2024-02-21 13:47:05 tech_manager: max_rows:32 candle_time:2024-02-21 21:46:00+00:00 granularity:M1
2024-02-21 13:47:05 process_candles:
       PAIR                      time    mid_c    mid_o   SL   TP   SPREAD      GAIN     LOSS  SIGNAL
26  EUR_CHF 2024-02-21 21:42:00+00:00  0.95150  0.95154  0.0  0.0  0.00017  0.000056  0.95150       0
27  EUR_CHF 2024-02-21 21:43:00+00:00  0.95152  0.95150  0.0  0.0  0.00019  0.000036  0.95152       0
28  EUR_CHF 2024-02-21 21:44:00+00:00  0.95154  0.95151  0.0  0.0  0.00017  0.000014  0.95154       0
29  EUR_CHF 2024-02-21 21:45:00+00:00  0.95154  0.95154  0.0  0.0  0.00019  0.000012  0.95154       0
30  EUR_CHF 2024-02-21 21:46:00+00:00  0.95155  0.95154  0.0  0.0  0.00018  0.000002  0.95155       0
2024-02-21 13:48:09 CandleManager() new candle:last_candle:24-02-21 21:47 is_ready:True
2024-02-21 13:48:09 tech_manager: max_rows:32 candle_time:2024-02-21 21:47:00+00:00 granularity:M1
2024-02-21 13:48:09 process_candles:
       PAIR                      time    mid_c    mid_o   SL   TP   SPREAD      GAIN     LOSS  SIGNAL
26  EUR_CHF 2024-02-21 21:43:00+00:00  0.95152  0.95150  0.0  0.0  0.00019  0.000036  0.95152       0
27  EUR_CHF 2024-02-21 21:44:00+00:00  0.95154  0.95151  0.0  0.0  0.00017  0.000014  0.95154       0
28  EUR_CHF 2024-02-21 21:45:00+00:00  0.95154  0.95154  0.0  0.0  0.00019  0.000012  0.95154       0
29  EUR_CHF 2024-02-21 21:46:00+00:00  0.95155  0.95154  0.0  0.0  0.00018  0.000002  0.95155       0
30  EUR_CHF 2024-02-21 21:47:00+00:00  0.95156  0.95154  0.0  0.0  0.00013  0.000008  0.95156       0
2024-02-21 13:49:13 CandleManager() new candle:last_candle:24-02-21 21:48 is_ready:True
2024-02-21 13:49:14 tech_manager: max_rows:32 candle_time:2024-02-21 21:48:00+00:00 granularity:M1
2024-02-21 13:49:14 process_candles:
       PAIR                      time    mid_c    mid_o   SL   TP   SPREAD      GAIN     LOSS  SIGNAL
26  EUR_CHF 2024-02-21 21:44:00+00:00  0.95154  0.95151  0.0  0.0  0.00017  0.000014  0.95154       0
27  EUR_CHF 2024-02-21 21:45:00+00:00  0.95154  0.95154  0.0  0.0  0.00019  0.000012  0.95154       0
28  EUR_CHF 2024-02-21 21:46:00+00:00  0.95155  0.95154  0.0  0.0  0.00018  0.000002  0.95155       0
29  EUR_CHF 2024-02-21 21:47:00+00:00  0.95156  0.95154  0.0  0.0  0.00013  0.000008  0.95156       0
30  EUR_CHF 2024-02-21 21:48:00+00:00  0.95158  0.95157  0.0  0.0  0.00016  0.000029  0.95158       0
2024-02-21 13:50:06 CandleManager() new candle:last_candle:24-02-21 21:49 is_ready:True
2024-02-21 13:50:07 tech_manager: max_rows:32 candle_time:2024-02-21 21:49:00+00:00 granularity:M1
2024-02-21 13:50:07 process_candles:
       PAIR                      time    mid_c    mid_o   SL   TP   SPREAD      GAIN     LOSS  SIGNAL
26  EUR_CHF 2024-02-21 21:45:00+00:00  0.95154  0.95154  0.0  0.0  0.00019  0.000012  0.95154       0
27  EUR_CHF 2024-02-21 21:46:00+00:00  0.95155  0.95154  0.0  0.0  0.00018  0.000002  0.95155       0
28  EUR_CHF 2024-02-21 21:47:00+00:00  0.95156  0.95154  0.0  0.0  0.00013  0.000008  0.95156       0
29  EUR_CHF 2024-02-21 21:48:00+00:00  0.95158  0.95157  0.0  0.0  0.00016  0.000029  0.95158       0
30  EUR_CHF 2024-02-21 21:49:00+00:00  0.95158  0.95158  0.0  0.0  0.00016  0.000029  0.95158       0
