2024-02-21 13:46:54 LogWrapper init() ./logs/EUR_GBP.log
2024-02-21 13:46:54 {'n_ma': 12, 'n_std': 2.5, 'maxspread': 0.0004, 'mingain': 0.0006, 'riskreward': 1.5}
2024-02-21 13:46:54 CandleManager() init last_candle:last_candle:24-02-21 21:45 is_ready:False
2024-02-21 13:47:05 CandleManager() new candle:last_candle:24-02-21 21:46 is_ready:True
2024-02-21 13:47:06 tech_manager: max_rows:32 candle_time:2024-02-21 21:46:00+00:00 granularity:M1
2024-02-21 13:47:06 process_candles:
       PAIR                      time    mid_c    mid_o   SL   TP   SPREAD      GAIN     LOSS  SIGNAL
26  EUR_GBP 2024-02-21 21:42:00+00:00  0.85614  0.85617  0.0  0.0  0.00013  0.000042  0.85614       0
27  EUR_GBP 2024-02-21 21:43:00+00:00  0.85616  0.85614  0.0  0.0  0.00014  0.000019  0.85616       0
28  EUR_GBP 2024-02-21 21:44:00+00:00  0.85620  0.85616  0.0  0.0  0.00012  0.000024  0.85620       0
29  EUR_GBP 2024-02-21 21:45:00+00:00  0.85620  0.85620  0.0  0.0  0.00013  0.000029  0.85620       0
30  EUR_GBP 2024-02-21 21:46:00+00:00  0.85622  0.85622  0.0  0.0  0.00015  0.000046  0.85622       0
2024-02-21 13:48:09 CandleManager() new candle:last_candle:24-02-21 21:47 is_ready:True
2024-02-21 13:48:10 tech_manager: max_rows:32 candle_time:2024-02-21 21:47:00+00:00 granularity:M1
2024-02-21 13:48:10 process_candles:
       PAIR                      time    mid_c    mid_o   SL   TP   SPREAD      GAIN     LOSS  SIGNAL
26  EUR_GBP 2024-02-21 21:43:00+00:00  0.85616  0.85614  0.0  0.0  0.00014  0.000019  0.85616       0
27  EUR_GBP 2024-02-21 21:44:00+00:00  0.85620  0.85616  0.0  0.0  0.00012  0.000024  0.85620       0
28  EUR_GBP 2024-02-21 21:45:00+00:00  0.85620  0.85620  0.0  0.0  0.00013  0.000029  0.85620       0
29  EUR_GBP 2024-02-21 21:46:00+00:00  0.85622  0.85622  0.0  0.0  0.00015  0.000046  0.85622       0
30  EUR_GBP 2024-02-21 21:47:00+00:00  0.85624  0.85623  0.0  0.0  0.00015  0.000064  0.85624       0
2024-02-21 13:49:03 CandleManager() new candle:last_candle:24-02-21 21:48 is_ready:True
2024-02-21 13:49:03 tech_manager: max_rows:32 candle_time:2024-02-21 21:48:00+00:00 granularity:M1
2024-02-21 13:49:03 process_candles:
       PAIR                      time    mid_c    mid_o   SL   TP   SPREAD      GAIN     LOSS  SIGNAL
26  EUR_GBP 2024-02-21 21:44:00+00:00  0.85620  0.85616  0.0  0.0  0.00012  0.000024  0.85620       0
27  EUR_GBP 2024-02-21 21:45:00+00:00  0.85620  0.85620  0.0  0.0  0.00013  0.000029  0.85620       0
28  EUR_GBP 2024-02-21 21:46:00+00:00  0.85622  0.85622  0.0  0.0  0.00015  0.000046  0.85622       0
29  EUR_GBP 2024-02-21 21:47:00+00:00  0.85624  0.85623  0.0  0.0  0.00015  0.000064  0.85624       0
30  EUR_GBP 2024-02-21 21:48:00+00:00  0.85620  0.85623  0.0  0.0  0.00015  0.000023  0.85620       0
2024-02-21 13:50:06 CandleManager() new candle:last_candle:24-02-21 21:49 is_ready:True
2024-02-21 13:50:07 tech_manager: max_rows:32 candle_time:2024-02-21 21:49:00+00:00 granularity:M1
2024-02-21 13:50:07 process_candles:
       PAIR                      time    mid_c    mid_o   SL   TP   SPREAD      GAIN     LOSS  SIGNAL
26  EUR_GBP 2024-02-21 21:45:00+00:00  0.85620  0.85620  0.0  0.0  0.00013  0.000029  0.85620       0
27  EUR_GBP 2024-02-21 21:46:00+00:00  0.85622  0.85622  0.0  0.0  0.00015  0.000046  0.85622       0
28  EUR_GBP 2024-02-21 21:47:00+00:00  0.85624  0.85623  0.0  0.0  0.00015  0.000064  0.85624       0
29  EUR_GBP 2024-02-21 21:48:00+00:00  0.85620  0.85623  0.0  0.0  0.00015  0.000023  0.85620       0
30  EUR_GBP 2024-02-21 21:49:00+00:00  0.85621  0.85620  0.0  0.0  0.00014  0.000031  0.85621       0
