2024-02-21 13:46:54 LogWrapper init() ./logs/GBP_JPY.log
2024-02-21 13:46:54 {'n_ma': 12, 'n_std': 2.5, 'maxspread': 0.04, 'mingain': 0.06, 'riskreward': 1.5}
2024-02-21 13:46:54 CandleManager() init last_candle:last_candle:24-02-21 21:45 is_ready:False
2024-02-21 13:47:05 CandleManager() new candle:last_candle:24-02-21 21:46 is_ready:True
2024-02-21 13:47:05 tech_manager: max_rows:32 candle_time:2024-02-21 21:46:00+00:00 granularity:M1
2024-02-21 13:47:05 process_candles:
       PAIR                      time    mid_c    mid_o   SL   TP  SPREAD      GAIN     LOSS  SIGNAL
26  GBP_JPY 2024-02-21 21:42:00+00:00  189.886  189.876  0.0  0.0   0.031  0.001000  189.886       0
27  GBP_JPY 2024-02-21 21:43:00+00:00  189.872  189.886  0.0  0.0   0.027  0.013333  189.872       0
28  GBP_JPY 2024-02-21 21:44:00+00:00  189.854  189.866  0.0  0.0   0.033  0.028806  189.854       0
29  GBP_JPY 2024-02-21 21:45:00+00:00  189.857  189.854  0.0  0.0   0.030  0.022528  189.857       0
30  GBP_JPY 2024-02-21 21:46:00+00:00  189.852  189.856  0.0  0.0   0.033  0.024500  189.852       0
2024-02-21 13:48:09 CandleManager() new candle:last_candle:24-02-21 21:47 is_ready:True
2024-02-21 13:48:09 tech_manager: max_rows:32 candle_time:2024-02-21 21:47:00+00:00 granularity:M1
2024-02-21 13:48:09 process_candles:
       PAIR                      time    mid_c    mid_o   SL   TP  SPREAD      GAIN     LOSS  SIGNAL
26  GBP_JPY 2024-02-21 21:43:00+00:00  189.872  189.886  0.0  0.0   0.027  0.013333  189.872       0
27  GBP_JPY 2024-02-21 21:44:00+00:00  189.854  189.866  0.0  0.0   0.033  0.028806  189.854       0
28  GBP_JPY 2024-02-21 21:45:00+00:00  189.857  189.854  0.0  0.0   0.030  0.022528  189.857       0
29  GBP_JPY 2024-02-21 21:46:00+00:00  189.852  189.856  0.0  0.0   0.033  0.024500  189.852       0
30  GBP_JPY 2024-02-21 21:47:00+00:00  189.857  189.855  0.0  0.0   0.036  0.017944  189.857       0
2024-02-21 13:49:02 CandleManager() new candle:last_candle:24-02-21 21:48 is_ready:True
2024-02-21 13:49:03 tech_manager: max_rows:32 candle_time:2024-02-21 21:48:00+00:00 granularity:M1
2024-02-21 13:49:03 process_candles:
       PAIR                      time    mid_c    mid_o   SL   TP  SPREAD      GAIN     LOSS  SIGNAL
26  GBP_JPY 2024-02-21 21:44:00+00:00  189.854  189.866  0.0  0.0   0.033  0.028806  189.854       0
27  GBP_JPY 2024-02-21 21:45:00+00:00  189.857  189.854  0.0  0.0   0.030  0.022528  189.857       0
28  GBP_JPY 2024-02-21 21:46:00+00:00  189.852  189.856  0.0  0.0   0.033  0.024500  189.852       0
29  GBP_JPY 2024-02-21 21:47:00+00:00  189.857  189.855  0.0  0.0   0.036  0.017944  189.857       0
30  GBP_JPY 2024-02-21 21:48:00+00:00  189.880  189.856  0.0  0.0   0.033  0.005389  189.880       0
2024-02-21 13:50:06 CandleManager() new candle:last_candle:24-02-21 21:49 is_ready:True
2024-02-21 13:50:07 tech_manager: max_rows:32 candle_time:2024-02-21 21:49:00+00:00 granularity:M1
2024-02-21 13:50:07 process_candles:
       PAIR                      time    mid_c    mid_o   SL   TP  SPREAD      GAIN     LOSS  SIGNAL
26  GBP_JPY 2024-02-21 21:45:00+00:00  189.857  189.854  0.0  0.0   0.030  0.022528  189.857       0
27  GBP_JPY 2024-02-21 21:46:00+00:00  189.852  189.856  0.0  0.0   0.033  0.024500  189.852       0
28  GBP_JPY 2024-02-21 21:47:00+00:00  189.857  189.855  0.0  0.0   0.036  0.017944  189.857       0
29  GBP_JPY 2024-02-21 21:48:00+00:00  189.880  189.856  0.0  0.0   0.033  0.005389  189.880       0
30  GBP_JPY 2024-02-21 21:49:00+00:00  189.884  189.885  0.0  0.0   0.035  0.009194  189.884       0
