2024-02-21 13:46:54 LogWrapper init() ./logs/GBP_CHF.log
2024-02-21 13:46:54 {'n_ma': 12, 'n_std': 2.5, 'maxspread': 0.0004, 'mingain': 0.0006, 'riskreward': 1.5}
2024-02-21 13:46:54 CandleManager() init last_candle:last_candle:24-02-21 21:45 is_ready:False
2024-02-21 13:47:05 CandleManager() new candle:last_candle:24-02-21 21:46 is_ready:True
2024-02-21 13:47:05 tech_manager: max_rows:32 candle_time:2024-02-21 21:46:00+00:00 granularity:M1
2024-02-21 13:47:05 process_candles:
       PAIR                      time    mid_c    mid_o   SL   TP   SPREAD      GAIN     LOSS  SIGNAL
26  GBP_CHF 2024-02-21 21:42:00+00:00  1.11142  1.11140  0.0  0.0  0.00020  0.000008  1.11142       0
27  GBP_CHF 2024-02-21 21:43:00+00:00  1.11140  1.11144  0.0  0.0  0.00022  0.000030  1.11140       0
28  GBP_CHF 2024-02-21 21:44:00+00:00  1.11136  1.11140  0.0  0.0  0.00023  0.000071  1.11136       0
29  GBP_CHF 2024-02-21 21:45:00+00:00  1.11139  1.11136  0.0  0.0  0.00020  0.000043  1.11139       0
30  GBP_CHF 2024-02-21 21:46:00+00:00  1.11138  1.11140  0.0  0.0  0.00024  0.000050  1.11138       0
2024-02-21 13:48:09 CandleManager() new candle:last_candle:24-02-21 21:47 is_ready:True
2024-02-21 13:48:09 tech_manager: max_rows:32 candle_time:2024-02-21 21:47:00+00:00 granularity:M1
2024-02-21 13:48:09 process_candles:
       PAIR                      time    mid_c    mid_o   SL   TP   SPREAD      GAIN     LOSS  SIGNAL
26  GBP_CHF 2024-02-21 21:43:00+00:00  1.11140  1.11144  0.0  0.0  0.00022  0.000030  1.11140       0
27  GBP_CHF 2024-02-21 21:44:00+00:00  1.11136  1.11140  0.0  0.0  0.00023  0.000071  1.11136       0
28  GBP_CHF 2024-02-21 21:45:00+00:00  1.11139  1.11136  0.0  0.0  0.00020  0.000043  1.11139       0
29  GBP_CHF 2024-02-21 21:46:00+00:00  1.11138  1.11140  0.0  0.0  0.00024  0.000050  1.11138       0
30  GBP_CHF 2024-02-21 21:47:00+00:00  1.11135  1.11136  0.0  0.0  0.00022  0.000076  1.11135       0
2024-02-21 13:49:02 CandleManager() new candle:last_candle:24-02-21 21:48 is_ready:True
2024-02-21 13:49:03 tech_manager: max_rows:32 candle_time:2024-02-21 21:48:00+00:00 granularity:M1
2024-02-21 13:49:03 process_candles:
       PAIR                      time    mid_c    mid_o   SL   TP   SPREAD          GAIN     LOSS  SIGNAL
26  GBP_CHF 2024-02-21 21:44:00+00:00  1.11136  1.11140  0.0  0.0  0.00023  7.055556e-05  1.11136       0
27  GBP_CHF 2024-02-21 21:45:00+00:00  1.11139  1.11136  0.0  0.0  0.00020  4.277778e-05  1.11139       0
28  GBP_CHF 2024-02-21 21:46:00+00:00  1.11138  1.11140  0.0  0.0  0.00024  5.000000e-05  1.11138       0
29  GBP_CHF 2024-02-21 21:47:00+00:00  1.11135  1.11136  0.0  0.0  0.00022  7.611111e-05  1.11135       0
30  GBP_CHF 2024-02-21 21:48:00+00:00  1.11142  1.11136  0.0  0.0  0.00017  8.333333e-07  1.11142       0
2024-02-21 13:50:06 CandleManager() new candle:last_candle:24-02-21 21:49 is_ready:True
2024-02-21 13:50:06 tech_manager: max_rows:32 candle_time:2024-02-21 21:49:00+00:00 granularity:M1
2024-02-21 13:50:07 process_candles:
       PAIR                      time    mid_c    mid_o   SL   TP   SPREAD          GAIN     LOSS  SIGNAL
26  GBP_CHF 2024-02-21 21:45:00+00:00  1.11139  1.11136  0.0  0.0  0.00020  4.277778e-05  1.11139       0
27  GBP_CHF 2024-02-21 21:46:00+00:00  1.11138  1.11140  0.0  0.0  0.00024  5.000000e-05  1.11138       0
28  GBP_CHF 2024-02-21 21:47:00+00:00  1.11135  1.11136  0.0  0.0  0.00022  7.611111e-05  1.11135       0
29  GBP_CHF 2024-02-21 21:48:00+00:00  1.11142  1.11136  0.0  0.0  0.00017  8.333333e-07  1.11142       0
30  GBP_CHF 2024-02-21 21:49:00+00:00  1.11141  1.11139  0.0  0.0  0.00018  6.666667e-06  1.11141       0
