2024-02-21 13:46:54 LogWrapper init() ./logs/GBP_USD.log
2024-02-21 13:46:54 {'n_ma': 12, 'n_std': 2.5, 'maxspread': 0.0004, 'mingain': 0.0006, 'riskreward': 1.5}
2024-02-21 13:46:54 CandleManager() init last_candle:last_candle:24-02-21 21:45 is_ready:False
2024-02-21 13:47:05 CandleManager() new candle:last_candle:24-02-21 21:46 is_ready:True
2024-02-21 13:47:05 tech_manager: max_rows:32 candle_time:2024-02-21 21:46:00+00:00 granularity:M1
2024-02-21 13:47:06 process_candles:
       PAIR                      time    mid_c    mid_o   SL   TP   SPREAD      GAIN     LOSS  SIGNAL
26  GBP_USD 2024-02-21 21:42:00+00:00  1.26360  1.26362  0.0  0.0  0.00015  0.000006  1.26360       0
27  GBP_USD 2024-02-21 21:43:00+00:00  1.26360  1.26361  0.0  0.0  0.00015  0.000005  1.26360       0
28  GBP_USD 2024-02-21 21:44:00+00:00  1.26354  1.26356  0.0  0.0  0.00015  0.000062  1.26354       0
29  GBP_USD 2024-02-21 21:45:00+00:00  1.26352  1.26355  0.0  0.0  0.00015  0.000075  1.26352       0
30  GBP_USD 2024-02-21 21:46:00+00:00  1.26348  1.26350  0.0  0.0  0.00018  0.000107  1.26348       0
2024-02-21 13:48:09 CandleManager() new candle:last_candle:24-02-21 21:47 is_ready:True
2024-02-21 13:48:09 tech_manager: max_rows:32 candle_time:2024-02-21 21:47:00+00:00 granularity:M1
2024-02-21 13:48:10 process_candles:
       PAIR                      time    mid_c    mid_o   SL   TP   SPREAD      GAIN     LOSS  SIGNAL
26  GBP_USD 2024-02-21 21:43:00+00:00  1.26360  1.26361  0.0  0.0  0.00015  0.000005  1.26360       0
27  GBP_USD 2024-02-21 21:44:00+00:00  1.26354  1.26356  0.0  0.0  0.00015  0.000062  1.26354       0
28  GBP_USD 2024-02-21 21:45:00+00:00  1.26352  1.26355  0.0  0.0  0.00015  0.000075  1.26352       0
29  GBP_USD 2024-02-21 21:46:00+00:00  1.26348  1.26350  0.0  0.0  0.00018  0.000107  1.26348       0
30  GBP_USD 2024-02-21 21:47:00+00:00  1.26351  1.26350  0.0  0.0  0.00018  0.000077  1.26351       0
2024-02-21 13:49:13 CandleManager() new candle:last_candle:24-02-21 21:48 is_ready:True
2024-02-21 13:49:14 tech_manager: max_rows:32 candle_time:2024-02-21 21:48:00+00:00 granularity:M1
2024-02-21 13:49:14 process_candles:
       PAIR                      time    mid_c    mid_o   SL   TP   SPREAD      GAIN     LOSS  SIGNAL
26  GBP_USD 2024-02-21 21:44:00+00:00  1.26354  1.26356  0.0  0.0  0.00015  0.000062  1.26354       0
27  GBP_USD 2024-02-21 21:45:00+00:00  1.26352  1.26355  0.0  0.0  0.00015  0.000075  1.26352       0
28  GBP_USD 2024-02-21 21:46:00+00:00  1.26348  1.26350  0.0  0.0  0.00018  0.000107  1.26348       0
29  GBP_USD 2024-02-21 21:47:00+00:00  1.26351  1.26350  0.0  0.0  0.00018  0.000077  1.26351       0
30  GBP_USD 2024-02-21 21:48:00+00:00  1.26352  1.26352  0.0  0.0  0.00015  0.000064  1.26352       0
2024-02-21 13:50:06 CandleManager() new candle:last_candle:24-02-21 21:49 is_ready:True
2024-02-21 13:50:07 tech_manager: max_rows:32 candle_time:2024-02-21 21:49:00+00:00 granularity:M1
2024-02-21 13:50:07 process_candles:
       PAIR                      time    mid_c    mid_o   SL   TP   SPREAD      GAIN     LOSS  SIGNAL
26  GBP_USD 2024-02-21 21:45:00+00:00  1.26352  1.26355  0.0  0.0  0.00015  0.000075  1.26352       0
27  GBP_USD 2024-02-21 21:46:00+00:00  1.26348  1.26350  0.0  0.0  0.00018  0.000107  1.26348       0
28  GBP_USD 2024-02-21 21:47:00+00:00  1.26351  1.26350  0.0  0.0  0.00018  0.000077  1.26351       0
29  GBP_USD 2024-02-21 21:48:00+00:00  1.26352  1.26352  0.0  0.0  0.00015  0.000064  1.26352       0
30  GBP_USD 2024-02-21 21:49:00+00:00  1.26352  1.26350  0.0  0.0  0.00016  0.000060  1.26352       0
